<?xml version="1.0" encoding="UTF-8"?>
<!-- Generated by org.testng.reporters.JUnitReportReporter -->
<testsuite hostname="mypc" name="Pardot1.SendEmail" tests="1" failures="0" timestamp="13 Apr 2016 01:03:54 GMT" time="38.802" errors="0">
  <testcase name="SendEmail" time="38.802" classname="Pardot1.SendEmail"/>
</testsuite> <!-- Pardot1.SendEmail -->
