<?xml version="1.0" encoding="UTF-8"?>
<!-- Generated by org.testng.reporters.JUnitReportReporter -->
<testsuite hostname="mypc" name="Pardot1.CreateList" tests="4" failures="0" timestamp="12 Apr 2016 09:50:35 GMT" time="64.080" errors="0">
  <testcase name="OriginalNameListCreation" time="9.446" classname="Pardot1.CreateList"/>
  <testcase name="ListOriginal" time="34.673" classname="Pardot1.CreateList"/>
  <testcase name="DupeList" time="9.191" classname="Pardot1.CreateList"/>
  <testcase name="RenameList" time="10.770" classname="Pardot1.CreateList"/>
</testsuite> <!-- Pardot1.CreateList -->
