<?xml version="1.0" encoding="UTF-8"?>
<!-- Generated by org.testng.reporters.JUnitReportReporter -->
<testsuite hostname="mypc" name="Pardot1.CreateProspect" tests="3" failures="0" timestamp="12 Apr 2016 06:32:00 GMT" time="47.852" errors="0">
  <testcase name="CreateProspect1" time="30.997" classname="Pardot1.CreateProspect"/>
  <testcase name="CreateProspectList" time="9.233" classname="Pardot1.CreateProspect"/>
  <testcase name="EnsureProspect" time="7.622" classname="Pardot1.CreateProspect"/>
</testsuite> <!-- Pardot1.CreateProspect -->
