<?xml version="1.0" encoding="UTF-8"?>
<!-- Generated by org.testng.reporters.JUnitReportReporter -->
<testsuite hostname="mypc" name="Pardot1.CreateList" tests="4" failures="0" timestamp="12 Apr 2016 20:39:26 GMT" time="67.302" errors="0">
  <testcase name="OriginalNameListCreation" time="10.573" classname="Pardot1.CreateList"/>
  <testcase name="ListOriginal" time="34.125" classname="Pardot1.CreateList"/>
  <testcase name="DupeList" time="10.995" classname="Pardot1.CreateList"/>
  <testcase name="RenameList" time="11.609" classname="Pardot1.CreateList"/>
</testsuite> <!-- Pardot1.CreateList -->
