<?xml version="1.0" encoding="UTF-8"?>
<!-- Generated by org.testng.reporters.JUnitReportReporter -->
<testsuite hostname="mypc" name="Pardot1.CreateList" tests="4" failures="0" timestamp="12 Apr 2016 01:29:29 GMT" time="64.660" errors="0">
  <testcase name="OriginalNameListCreation" time="9.686" classname="Pardot1.CreateList"/>
  <testcase name="ListOriginal" time="35.311" classname="Pardot1.CreateList"/>
  <testcase name="DupeList" time="9.119" classname="Pardot1.CreateList"/>
  <testcase name="RenameList" time="10.544" classname="Pardot1.CreateList"/>
</testsuite> <!-- Pardot1.CreateList -->
