<?xml version="1.0" encoding="UTF-8"?>
<!-- Generated by org.testng.reporters.JUnitReportReporter -->
<testsuite hostname="mypc" name="Pardot1.SendEmail1" tests="1" failures="0" timestamp="10 Apr 2016 20:22:54 GMT" time="52.296" errors="0">
  <testcase name="SendEmail" time="52.296" classname="Pardot1.SendEmail1"/>
</testsuite> <!-- Pardot1.SendEmail1 -->
