<?xml version="1.0" encoding="UTF-8"?>
<!-- Generated by org.testng.reporters.JUnitReportReporter -->
<testsuite hostname="mypc" name="Pardot1.CreateList" tests="4" failures="0" timestamp="13 Apr 2016 01:03:54 GMT" time="65.164" errors="0">
  <testcase name="ListOriginal" time="35.724" classname="Pardot1.CreateList"/>
  <testcase name="OriginalNameListCreation" time="9.629" classname="Pardot1.CreateList"/>
  <testcase name="RenameList" time="10.921" classname="Pardot1.CreateList"/>
  <testcase name="DupeList" time="8.890" classname="Pardot1.CreateList"/>
</testsuite> <!-- Pardot1.CreateList -->
