<?xml version="1.0" encoding="UTF-8"?>
<!-- Generated by org.testng.reporters.JUnitReportReporter -->
<testsuite hostname="mypc" name="Pardot1.CreateProspect_works" tests="1" failures="0" timestamp="22 Mar 2016 21:23:57 GMT" time="64.729" errors="0">
  <testcase name="test" time="64.729" classname="Pardot1.CreateProspect_works"/>
</testsuite> <!-- Pardot1.CreateProspect_works -->
