<?xml version="1.0" encoding="UTF-8"?>
<!-- Generated by org.testng.reporters.JUnitReportReporter -->
<testsuite hostname="mypc" name="Pardot1.SendEmail" tests="1" failures="0" timestamp="12 Apr 2016 09:21:21 GMT" time="35.669" errors="0">
  <testcase name="SendEmail" time="35.669" classname="Pardot1.SendEmail"/>
</testsuite> <!-- Pardot1.SendEmail -->
