<?xml version="1.0" encoding="UTF-8"?>
<!-- Generated by org.testng.reporters.JUnitReportReporter -->
<testsuite hostname="mypc" name="Pardot1.CreateList_New" tests="1" failures="1" timestamp="21 Mar 2016 23:25:22 GMT" time="2.554" errors="0">
  <testcase name="test" time="2.554" classname="Pardot1.CreateList_New">
    <failure type="java.lang.Error" message="Unresolved compilation problems: 
	Duplicate field ProspectsPage._previEmail
	Syntax error on token &quot;/&quot;, { expected
	Duplicate field ProspectsPage.i
	Syntax error on tokens, delete these tokens
	Duplicate field ProspectsPage._previEmail
	Duplicate field ProspectsPage.i
	Syntax error on token &quot;)&quot;, try expected after this token
	Duplicate local variable uniEmail
	Syntax error on token &quot;}&quot;, delete this token
	Syntax error on token &quot;(&quot;, ; expected
	Syntax error on token &quot;)&quot;, ; expected
	Syntax error on token &quot;verifyLogin&quot;, AnnotationName expected after this token
	Syntax error, insert &quot;[ ]&quot; to complete Dimension
	Syntax error, insert &quot;;&quot; to complete LocalVariableDeclarationStatement
	Syntax error, insert &quot;}&quot; to complete ClassBody
">
      <![CDATA[java.lang.Error: Unresolved compilation problems: 
	Duplicate field ProspectsPage._previEmail
	Syntax error on token "/", { expected
	Duplicate field ProspectsPage.i
	Syntax error on tokens, delete these tokens
	Duplicate field ProspectsPage._previEmail
	Duplicate field ProspectsPage.i
	Syntax error on token ")", try expected after this token
	Duplicate local variable uniEmail
	Syntax error on token "}", delete this token
	Syntax error on token "(", ; expected
	Syntax error on token ")", ; expected
	Syntax error on token "verifyLogin", AnnotationName expected after this token
	Syntax error, insert "[ ]" to complete Dimension
	Syntax error, insert ";" to complete LocalVariableDeclarationStatement
	Syntax error, insert "}" to complete ClassBody

	at Pardot.Pardot_ToolBox.Pardot_Pages.ProspectsPage.<init>(ProspectsPage.java:74)
	at Pardot1.CreateList_New.test(CreateList_New.java:104)
	at sun.reflect.NativeMethodAccessorImpl.invoke0(Native Method)
	at sun.reflect.NativeMethodAccessorImpl.invoke(NativeMethodAccessorImpl.java:62)
	at sun.reflect.DelegatingMethodAccessorImpl.invoke(DelegatingMethodAccessorImpl.java:43)
	at java.lang.reflect.Method.invoke(Method.java:497)
	at org.testng.internal.MethodInvocationHelper.invokeMethod(MethodInvocationHelper.java:84)
	at org.testng.internal.Invoker.invokeMethod(Invoker.java:714)
	at org.testng.internal.Invoker.invokeTestMethod(Invoker.java:901)
	at org.testng.internal.Invoker.invokeTestMethods(Invoker.java:1231)
	at org.testng.internal.TestMethodWorker.invokeTestMethods(TestMethodWorker.java:127)
	at org.testng.internal.TestMethodWorker.run(TestMethodWorker.java:111)
	at org.testng.TestRunner.privateRun(TestRunner.java:767)
	at org.testng.TestRunner.run(TestRunner.java:617)
	at org.testng.SuiteRunner.runTest(SuiteRunner.java:334)
	at org.testng.SuiteRunner.runSequentially(SuiteRunner.java:329)
	at org.testng.SuiteRunner.privateRun(SuiteRunner.java:291)
	at org.testng.SuiteRunner.run(SuiteRunner.java:240)
	at org.testng.SuiteRunnerWorker.runSuite(SuiteRunnerWorker.java:52)
	at org.testng.SuiteRunnerWorker.run(SuiteRunnerWorker.java:86)
	at org.testng.TestNG.runSuitesSequentially(TestNG.java:1224)
	at org.testng.TestNG.runSuitesLocally(TestNG.java:1149)
	at org.testng.TestNG.run(TestNG.java:1057)
	at org.testng.remote.RemoteTestNG.run(RemoteTestNG.java:115)
	at org.testng.remote.RemoteTestNG.initAndRun(RemoteTestNG.java:207)
	at org.testng.remote.RemoteTestNG.main(RemoteTestNG.java:178)
]]>
    </failure>
  </testcase> <!-- test -->
</testsuite> <!-- Pardot1.CreateList_New -->
