<?xml version="1.0" encoding="UTF-8"?>
<!-- Generated by org.testng.reporters.JUnitReportReporter -->
<testsuite hostname="mypc" name="Pardot1.CreateList" tests="4" failures="0" timestamp="12 Apr 2016 08:16:24 GMT" time="61.883" errors="0">
  <testcase name="OriginalNameListCreation" time="9.527" classname="Pardot1.CreateList"/>
  <testcase name="ListOriginal" time="33.441" classname="Pardot1.CreateList"/>
  <testcase name="DupeList" time="8.162" classname="Pardot1.CreateList"/>
  <testcase name="RenameList" time="10.753" classname="Pardot1.CreateList"/>
</testsuite> <!-- Pardot1.CreateList -->
