<?xml version="1.0" encoding="UTF-8"?>
<!-- Generated by org.testng.reporters.JUnitReportReporter -->
<testsuite hostname="mypc" name="Pardot1.DupeList" tests="1" failures="0" timestamp="21 Mar 2016 23:15:05 GMT" time="42.022" errors="0">
  <testcase name="test" time="42.022" classname="Pardot1.DupeList"/>
</testsuite> <!-- Pardot1.DupeList -->
