<?xml version="1.0" encoding="UTF-8"?>
<!-- Generated by org.testng.reporters.JUnitReportReporter -->
<testsuite hostname="mypc" name="Pardot1.LoginTest" tests="1" failures="0" timestamp="2 Apr 2016 13:30:32 GMT" time="45.837" errors="0">
  <testcase name="LoginTest" time="45.837" classname="Pardot1.LoginTest"/>
</testsuite> <!-- Pardot1.LoginTest -->
