<?xml version="1.0" encoding="UTF-8"?>
<!-- Generated by org.testng.reporters.JUnitReportReporter -->
<testsuite hostname="mypc" name="Pardot1.CreateList" tests="4" failures="0" timestamp="12 Apr 2016 06:32:00 GMT" time="64.656" errors="0">
  <testcase name="OriginalNameListCreation" time="9.770" classname="Pardot1.CreateList"/>
  <testcase name="RenameList" time="10.731" classname="Pardot1.CreateList"/>
  <testcase name="ListOriginal" time="35.565" classname="Pardot1.CreateList"/>
  <testcase name="DupeList" time="8.590" classname="Pardot1.CreateList"/>
</testsuite> <!-- Pardot1.CreateList -->
