<?xml version="1.0" encoding="UTF-8"?>
<!-- Generated by org.testng.reporters.JUnitReportReporter -->
<testsuite hostname="mypc" name="Pardot1.RenameList" tests="1" failures="0" timestamp="20 Mar 2016 16:06:32 GMT" time="47.969" errors="0">
  <testcase name="test" time="47.969" classname="Pardot1.RenameList"/>
</testsuite> <!-- Pardot1.RenameList -->
