<?xml version="1.0" encoding="UTF-8"?>
<!-- Generated by org.testng.reporters.JUnitReportReporter -->
<testsuite hostname="mypc" name="Pardot1.CreateProspect" tests="3" failures="0" timestamp="13 Apr 2016 01:03:54 GMT" time="55.478" errors="0">
  <testcase name="EnsureProspect" time="9.116" classname="Pardot1.CreateProspect"/>
  <testcase name="CreateProspect1" time="33.608" classname="Pardot1.CreateProspect"/>
  <testcase name="CreateProspectList" time="12.754" classname="Pardot1.CreateProspect"/>
</testsuite> <!-- Pardot1.CreateProspect -->
