<?xml version="1.0" encoding="UTF-8"?>
<!-- Generated by org.testng.reporters.JUnitReportReporter -->
<testsuite hostname="mypc" name="Pardot1.SendEmail" tests="1" failures="0" timestamp="12 Apr 2016 08:16:24 GMT" time="41.230" errors="0">
  <testcase name="SendEmail" time="41.230" classname="Pardot1.SendEmail"/>
</testsuite> <!-- Pardot1.SendEmail -->
