<?xml version="1.0" encoding="UTF-8"?>
<!-- Generated by org.testng.reporters.JUnitReportReporter -->
<testsuite hostname="mypc" name="Pardot1.CreateProspect" tests="3" failures="0" timestamp="12 Apr 2016 20:39:26 GMT" time="52.960" errors="0">
  <testcase name="EnsureProspect" time="8.754" classname="Pardot1.CreateProspect"/>
  <testcase name="CreateProspectList" time="10.403" classname="Pardot1.CreateProspect"/>
  <testcase name="CreateProspect1" time="33.803" classname="Pardot1.CreateProspect"/>
</testsuite> <!-- Pardot1.CreateProspect -->
