<?xml version="1.0" encoding="UTF-8"?>
<!-- Generated by org.testng.reporters.JUnitReportReporter -->
<testsuite hostname="mypc" name="Pardot1.CreateProspect" tests="3" failures="0" timestamp="12 Apr 2016 08:16:24 GMT" time="49.358" errors="0">
  <testcase name="EnsureProspect" time="8.153" classname="Pardot1.CreateProspect"/>
  <testcase name="CreateProspectList" time="9.524" classname="Pardot1.CreateProspect"/>
  <testcase name="CreateProspect1" time="31.681" classname="Pardot1.CreateProspect"/>
</testsuite> <!-- Pardot1.CreateProspect -->
