<?xml version="1.0" encoding="UTF-8"?>
<!-- Generated by org.testng.reporters.JUnitReportReporter -->
<testsuite hostname="mypc" name="Pardot1.CreateList_Copy" tests="4" failures="0" timestamp="10 Apr 2016 06:49:53 GMT" time="73.930" errors="0">
  <testcase name="ListOriginal" time="45.565" classname="Pardot1.CreateList_Copy"/>
  <testcase name="DupeList" time="8.541" classname="Pardot1.CreateList_Copy"/>
  <testcase name="OriginalNameListCreation" time="9.284" classname="Pardot1.CreateList_Copy"/>
  <testcase name="RenameList" time="10.540" classname="Pardot1.CreateList_Copy"/>
</testsuite> <!-- Pardot1.CreateList_Copy -->
