<?xml version="1.0" encoding="UTF-8"?>
<!-- Generated by org.testng.reporters.JUnitReportReporter -->
<testsuite hostname="mypc" name="Pardot1.CreateProspect" tests="3" failures="0" timestamp="12 Apr 2016 01:29:29 GMT" time="51.390" errors="0">
  <testcase name="CreateProspect1" time="33.264" classname="Pardot1.CreateProspect"/>
  <testcase name="CreateProspectList" time="9.881" classname="Pardot1.CreateProspect"/>
  <testcase name="EnsureProspect" time="8.245" classname="Pardot1.CreateProspect"/>
</testsuite> <!-- Pardot1.CreateProspect -->
