<?xml version="1.0" encoding="UTF-8"?>
<!-- Generated by org.testng.reporters.JUnitReportReporter -->
<testsuite hostname="mypc" name="Pardot1.SendEmail" tests="1" failures="0" timestamp="12 Apr 2016 06:32:00 GMT" time="40.544" errors="0">
  <testcase name="SendEmail" time="40.544" classname="Pardot1.SendEmail"/>
</testsuite> <!-- Pardot1.SendEmail -->
